# Logfile created on Mon Jul 13 09:18:05 -0700 2009 by /
  [4;36;1mSQL (0.0ms)[0m   [0;1mselect sqlite_version(*)[0m
  [4;35;1mSQL (0.0ms)[0m   [0m SELECT name
 FROM sqlite_master
 WHERE type = 'table' AND NOT name = 'sqlite_sequence'
[0m
  [4;36;1mSQL (0.0ms)[0m   [0;1mCREATE TABLE "tractors" ("id" INTEGER PRIMARY KEY AUTOINCREMENT NOT NULL, "name" varchar(255), "gear" varchar(255)) [0m
  [4;36;1mSQL (0.0ms)[0m   [0;1mselect sqlite_version(*)[0m
  [4;35;1mSQL (0.0ms)[0m   [0m SELECT name
 FROM sqlite_master
 WHERE type = 'table' AND NOT name = 'sqlite_sequence'
[0m
  [4;36;1mSQL (0.0ms)[0m   [0;1mCREATE TABLE "tractors" ("id" INTEGER PRIMARY KEY AUTOINCREMENT NOT NULL, "name" varchar(255), "gear" varchar(255)) [0m
  [4;36;1mSQL (0.0ms)[0m   [0;1mselect sqlite_version(*)[0m
  [4;35;1mSQL (0.0ms)[0m   [0m SELECT name
 FROM sqlite_master
 WHERE type = 'table' AND NOT name = 'sqlite_sequence'
[0m
  [4;36;1mSQL (0.0ms)[0m   [0;1mCREATE TABLE "tractors" ("id" INTEGER PRIMARY KEY AUTOINCREMENT NOT NULL, "name" varchar(255), "gear" varchar(255)) [0m
  [4;36;1mSQL (0.0ms)[0m   [0;1mselect sqlite_version(*)[0m
  [4;35;1mSQL (0.0ms)[0m   [0m SELECT name
 FROM sqlite_master
 WHERE type = 'table' AND NOT name = 'sqlite_sequence'
[0m
  [4;36;1mSQL (0.0ms)[0m   [0;1mCREATE TABLE "tractors" ("id" INTEGER PRIMARY KEY AUTOINCREMENT NOT NULL, "name" varchar(255), "gear" varchar(255)) [0m
  [4;36;1mSQL (0.0ms)[0m   [0;1mselect sqlite_version(*)[0m
  [4;35;1mSQL (0.0ms)[0m   [0m SELECT name
 FROM sqlite_master
 WHERE type = 'table' AND NOT name = 'sqlite_sequence'
[0m
  [4;36;1mSQL (0.0ms)[0m   [0;1mCREATE TABLE "tractors" ("id" INTEGER PRIMARY KEY AUTOINCREMENT NOT NULL, "name" varchar(255), "gear" varchar(255)) [0m
  [4;36;1mSQL (0.0ms)[0m   [0;1mselect sqlite_version(*)[0m
  [4;35;1mSQL (0.0ms)[0m   [0m SELECT name
 FROM sqlite_master
 WHERE type = 'table' AND NOT name = 'sqlite_sequence'
[0m
  [4;36;1mSQL (0.0ms)[0m   [0;1mCREATE TABLE "tractors" ("id" INTEGER PRIMARY KEY AUTOINCREMENT NOT NULL, "name" varchar(255), "gear" varchar(255)) [0m
  [4;36;1mSQL (0.0ms)[0m   [0;1mselect sqlite_version(*)[0m
  [4;35;1mSQL (0.0ms)[0m   [0m SELECT name
 FROM sqlite_master
 WHERE type = 'table' AND NOT name = 'sqlite_sequence'
[0m
  [4;36;1mSQL (0.0ms)[0m   [0;1mCREATE TABLE "tractors" ("id" INTEGER PRIMARY KEY AUTOINCREMENT NOT NULL, "name" varchar(255), "gear" varchar(255)) [0m
  [4;36;1mSQL (0.0ms)[0m   [0;1mselect sqlite_version(*)[0m
  [4;35;1mSQL (0.0ms)[0m   [0m SELECT name
 FROM sqlite_master
 WHERE type = 'table' AND NOT name = 'sqlite_sequence'
[0m
  [4;36;1mSQL (0.0ms)[0m   [0;1mCREATE TABLE "racers" ("id" INTEGER PRIMARY KEY AUTOINCREMENT NOT NULL, "name" varchar(255), "gear" varchar(255)) [0m
  [4;35;1mRacer Create (0.0ms)[0m   [0mINSERT INTO "racers" ("name", "gear") VALUES('Green Meanie', NULL)[0m
  [4;36;1mRacer Load (0.0ms)[0m   [0;1mSELECT * FROM "racers" WHERE ("racers"."name" = 'Green Meanie') LIMIT 1[0m
  [4;35;1mRacer Create (0.0ms)[0m   [0mINSERT INTO "racers" ("name", "gear") VALUES('Green Meanie2', 'first')[0m
  [4;36;1mRacer Load (0.0ms)[0m   [0;1mSELECT * FROM "racers" WHERE ("racers"."name" = 'Green Meanie2') LIMIT 1[0m
  [4;36;1mSQL (0.0ms)[0m   [0;1mselect sqlite_version(*)[0m
  [4;35;1mSQL (0.0ms)[0m   [0m SELECT name
 FROM sqlite_master
 WHERE type = 'table' AND NOT name = 'sqlite_sequence'
[0m
  [4;36;1mSQL (0.0ms)[0m   [0;1mCREATE TABLE "racers" ("id" INTEGER PRIMARY KEY AUTOINCREMENT NOT NULL, "name" varchar(255), "gear" varchar(255)) [0m
  [4;36;1mSQL (0.0ms)[0m   [0;1mselect sqlite_version(*)[0m
  [4;35;1mSQL (0.0ms)[0m   [0m SELECT name
 FROM sqlite_master
 WHERE type = 'table' AND NOT name = 'sqlite_sequence'
[0m
  [4;36;1mSQL (0.0ms)[0m   [0;1mCREATE TABLE "racers" ("id" INTEGER PRIMARY KEY AUTOINCREMENT NOT NULL, "name" varchar(255), "gear" varchar(255)) [0m
  [4;36;1mSQL (16.0ms)[0m   [0;1mselect sqlite_version(*)[0m
  [4;35;1mSQL (0.0ms)[0m   [0m SELECT name
 FROM sqlite_master
 WHERE type = 'table' AND NOT name = 'sqlite_sequence'
[0m
  [4;36;1mSQL (0.0ms)[0m   [0;1mCREATE TABLE "racers" ("id" INTEGER PRIMARY KEY AUTOINCREMENT NOT NULL, "name" varchar(255), "gear" varchar(255)) [0m
  [4;36;1mSQL (0.0ms)[0m   [0;1mselect sqlite_version(*)[0m
  [4;35;1mSQL (0.0ms)[0m   [0m SELECT name
 FROM sqlite_master
 WHERE type = 'table' AND NOT name = 'sqlite_sequence'
[0m
  [4;36;1mSQL (0.0ms)[0m   [0;1mCREATE TABLE "racers" ("id" INTEGER PRIMARY KEY AUTOINCREMENT NOT NULL, "name" varchar(255), "gear" varchar(255)) [0m
  [4;36;1mSQL (0.0ms)[0m   [0;1mselect sqlite_version(*)[0m
  [4;35;1mSQL (0.0ms)[0m   [0m SELECT name
 FROM sqlite_master
 WHERE type = 'table' AND NOT name = 'sqlite_sequence'
[0m
  [4;36;1mSQL (0.0ms)[0m   [0;1mCREATE TABLE "racers" ("id" INTEGER PRIMARY KEY AUTOINCREMENT NOT NULL, "name" varchar(255), "gear" varchar(255)) [0m
  [4;35;1mSQL (0.0ms)[0m   [0m SELECT name
 FROM sqlite_master
 WHERE type = 'table' AND NOT name = 'sqlite_sequence'
[0m
  [4;36;1mSQL (0.0ms)[0m   [0;1mselect sqlite_version(*)[0m
  [4;35;1mSQL (0.0ms)[0m   [0m SELECT name
 FROM sqlite_master
 WHERE type = 'table' AND NOT name = 'sqlite_sequence'
[0m
  [4;36;1mSQL (0.0ms)[0m   [0;1mCREATE TABLE "racers" ("id" INTEGER PRIMARY KEY AUTOINCREMENT NOT NULL, "name" varchar(255), "gear" varchar(255)) [0m
  [4;36;1mSQL (0.0ms)[0m   [0;1mselect sqlite_version(*)[0m
  [4;35;1mSQL (0.0ms)[0m   [0m SELECT name
 FROM sqlite_master
 WHERE type = 'table' AND NOT name = 'sqlite_sequence'
[0m
  [4;36;1mSQL (15.0ms)[0m   [0;1mCREATE TABLE "racers" ("id" INTEGER PRIMARY KEY AUTOINCREMENT NOT NULL, "name" varchar(255), "gear" varchar(255)) [0m
  [4;36;1mSQL (0.0ms)[0m   [0;1mselect sqlite_version(*)[0m
  [4;35;1mSQL (0.0ms)[0m   [0m SELECT name
 FROM sqlite_master
 WHERE type = 'table' AND NOT name = 'sqlite_sequence'
[0m
  [4;36;1mSQL (0.0ms)[0m   [0;1mCREATE TABLE "racers" ("id" INTEGER PRIMARY KEY AUTOINCREMENT NOT NULL, "name" varchar(255), "gear" varchar(255)) [0m
  [4;35;1mSQL (0.0ms)[0m   [0m SELECT name
 FROM sqlite_master
 WHERE type = 'table' AND NOT name = 'sqlite_sequence'
[0m
  [4;36;1mSQL (0.0ms)[0m   [0;1mselect sqlite_version(*)[0m
  [4;35;1mSQL (0.0ms)[0m   [0m SELECT name
 FROM sqlite_master
 WHERE type = 'table' AND NOT name = 'sqlite_sequence'
[0m
  [4;36;1mSQL (0.0ms)[0m   [0;1mCREATE TABLE "racers" ("id" INTEGER PRIMARY KEY AUTOINCREMENT NOT NULL, "name" varchar(255), "gear" varchar(255)) [0m
  [4;36;1mSQL (0.0ms)[0m   [0;1mselect sqlite_version(*)[0m
  [4;35;1mSQL (0.0ms)[0m   [0m SELECT name
 FROM sqlite_master
 WHERE type = 'table' AND NOT name = 'sqlite_sequence'
[0m
  [4;36;1mSQL (0.0ms)[0m   [0;1mCREATE TABLE "racers" ("id" INTEGER PRIMARY KEY AUTOINCREMENT NOT NULL, "name" varchar(255), "gear" varchar(255)) [0m
  [4;36;1mSQL (0.0ms)[0m   [0;1mselect sqlite_version(*)[0m
  [4;35;1mSQL (0.0ms)[0m   [0m SELECT name
 FROM sqlite_master
 WHERE type = 'table' AND NOT name = 'sqlite_sequence'
[0m
  [4;36;1mSQL (0.0ms)[0m   [0;1mCREATE TABLE "racers" ("id" INTEGER PRIMARY KEY AUTOINCREMENT NOT NULL, "name" varchar(255), "gear" varchar(255)) [0m
  [4;36;1mSQL (0.0ms)[0m   [0;1mselect sqlite_version(*)[0m
  [4;35;1mSQL (0.0ms)[0m   [0m SELECT name
 FROM sqlite_master
 WHERE type = 'table' AND NOT name = 'sqlite_sequence'
[0m
  [4;36;1mSQL (0.0ms)[0m   [0;1mCREATE TABLE "racers" ("id" INTEGER PRIMARY KEY AUTOINCREMENT NOT NULL, "name" varchar(255), "gear" varchar(255)) [0m
  [4;36;1mSQL (0.0ms)[0m   [0;1mselect sqlite_version(*)[0m
  [4;35;1mSQL (0.0ms)[0m   [0m SELECT name
 FROM sqlite_master
 WHERE type = 'table' AND NOT name = 'sqlite_sequence'
[0m
  [4;36;1mSQL (0.0ms)[0m   [0;1mCREATE TABLE "racers" ("id" INTEGER PRIMARY KEY AUTOINCREMENT NOT NULL, "name" varchar(255), "gear" varchar(255)) [0m
  [4;36;1mSQL (0.0ms)[0m   [0;1mselect sqlite_version(*)[0m
  [4;35;1mSQL (0.0ms)[0m   [0m SELECT name
 FROM sqlite_master
 WHERE type = 'table' AND NOT name = 'sqlite_sequence'
[0m
  [4;36;1mSQL (0.0ms)[0m   [0;1mCREATE TABLE "racers" ("id" INTEGER PRIMARY KEY AUTOINCREMENT NOT NULL, "name" varchar(255), "gear" varchar(255)) [0m
  [4;35;1mRacer Create (0.0ms)[0m   [0mINSERT INTO "racers" ("name", "gear") VALUES('Green Meanie', NULL)[0m
  [4;36;1mRacer Load (0.0ms)[0m   [0;1mSELECT * FROM "racers" WHERE ("racers"."name" = 'Green Meanie') LIMIT 1[0m
  [4;35;1mRacer Create (0.0ms)[0m   [0mINSERT INTO "racers" ("name", "gear") VALUES('Green Meanie2', 'first')[0m
  [4;36;1mRacer Load (0.0ms)[0m   [0;1mSELECT * FROM "racers" WHERE ("racers"."name" = 'Green Meanie2') LIMIT 1[0m
  [4;36;1mSQL (0.0ms)[0m   [0;1mselect sqlite_version(*)[0m
  [4;35;1mSQL (0.0ms)[0m   [0m SELECT name
 FROM sqlite_master
 WHERE type = 'table' AND NOT name = 'sqlite_sequence'
[0m
  [4;36;1mSQL (0.0ms)[0m   [0;1mCREATE TABLE "racers" ("id" INTEGER PRIMARY KEY AUTOINCREMENT NOT NULL, "name" varchar(255), "gear" varchar(255)) [0m
  [4;35;1mRacer Create (0.0ms)[0m   [0mINSERT INTO "racers" ("name", "gear") VALUES('Green Meanie', NULL)[0m
  [4;36;1mRacer Load (0.0ms)[0m   [0;1mSELECT * FROM "racers" WHERE ("racers"."name" = 'Green Meanie') LIMIT 1[0m
  [4;35;1mRacer Create (0.0ms)[0m   [0mINSERT INTO "racers" ("name", "gear") VALUES('Green Meanie2', 'first')[0m
  [4;36;1mRacer Load (0.0ms)[0m   [0;1mSELECT * FROM "racers" WHERE ("racers"."name" = 'Green Meanie2') LIMIT 1[0m
  [4;36;1mSQL (0.0ms)[0m   [0;1mselect sqlite_version(*)[0m
  [4;35;1mSQL (0.0ms)[0m   [0m SELECT name
 FROM sqlite_master
 WHERE type = 'table' AND NOT name = 'sqlite_sequence'
[0m
  [4;36;1mSQL (0.0ms)[0m   [0;1mCREATE TABLE "racers" ("id" INTEGER PRIMARY KEY AUTOINCREMENT NOT NULL, "name" varchar(255), "gear" varchar(255)) [0m
  [4;35;1mRacer Create (0.0ms)[0m   [0mINSERT INTO "racers" ("name", "gear") VALUES('Green Meanie', NULL)[0m
  [4;36;1mRacer Load (0.0ms)[0m   [0;1mSELECT * FROM "racers" WHERE ("racers"."name" = 'Green Meanie') LIMIT 1[0m
  [4;35;1mRacer Create (0.0ms)[0m   [0mINSERT INTO "racers" ("name", "gear") VALUES('Green Meanie2', 'first')[0m
  [4;36;1mRacer Load (0.0ms)[0m   [0;1mSELECT * FROM "racers" WHERE ("racers"."name" = 'Green Meanie2') LIMIT 1[0m
  [4;36;1mSQL (0.0ms)[0m   [0;1mselect sqlite_version(*)[0m
  [4;35;1mSQL (0.0ms)[0m   [0m SELECT name
 FROM sqlite_master
 WHERE type = 'table' AND NOT name = 'sqlite_sequence'
[0m
  [4;36;1mSQL (0.0ms)[0m   [0;1mCREATE TABLE "racers" ("id" INTEGER PRIMARY KEY AUTOINCREMENT NOT NULL, "name" varchar(255), "gear" varchar(255)) [0m
  [4;35;1mRacer Create (0.0ms)[0m   [0mINSERT INTO "racers" ("name", "gear") VALUES('Green Meanie', NULL)[0m
  [4;36;1mRacer Load (0.0ms)[0m   [0;1mSELECT * FROM "racers" WHERE ("racers"."name" = 'Green Meanie') LIMIT 1[0m
  [4;35;1mRacer Create (0.0ms)[0m   [0mINSERT INTO "racers" ("name", "gear") VALUES('Green Meanie2', 'first')[0m
  [4;36;1mRacer Load (0.0ms)[0m   [0;1mSELECT * FROM "racers" WHERE ("racers"."name" = 'Green Meanie2') LIMIT 1[0m
  [4;36;1mSQL (0.0ms)[0m   [0;1mselect sqlite_version(*)[0m
  [4;35;1mSQL (0.0ms)[0m   [0m SELECT name
 FROM sqlite_master
 WHERE type = 'table' AND NOT name = 'sqlite_sequence'
[0m
  [4;36;1mSQL (0.0ms)[0m   [0;1mCREATE TABLE "racers" ("id" INTEGER PRIMARY KEY AUTOINCREMENT NOT NULL, "name" varchar(255), "gear" varchar(255)) [0m
  [4;35;1mRacer Create (0.0ms)[0m   [0mINSERT INTO "racers" ("name", "gear") VALUES('Green Meanie', NULL)[0m
  [4;36;1mRacer Load (0.0ms)[0m   [0;1mSELECT * FROM "racers" WHERE ("racers"."name" = 'Green Meanie') LIMIT 1[0m
  [4;35;1mRacer Create (0.0ms)[0m   [0mINSERT INTO "racers" ("name", "gear") VALUES('Green Meanie2', 'first')[0m
  [4;36;1mRacer Load (0.0ms)[0m   [0;1mSELECT * FROM "racers" WHERE ("racers"."name" = 'Green Meanie2') LIMIT 1[0m
  [4;36;1mSQL (0.0ms)[0m   [0;1mselect sqlite_version(*)[0m
  [4;35;1mSQL (0.0ms)[0m   [0m SELECT name
 FROM sqlite_master
 WHERE type = 'table' AND NOT name = 'sqlite_sequence'
[0m
  [4;36;1mSQL (0.0ms)[0m   [0;1mCREATE TABLE "racers" ("id" INTEGER PRIMARY KEY AUTOINCREMENT NOT NULL, "name" varchar(255), "gear" varchar(255)) [0m
  [4;35;1mRacer Create (0.0ms)[0m   [0mINSERT INTO "racers" ("name", "gear") VALUES('Green Meanie', NULL)[0m
  [4;36;1mRacer Load (16.0ms)[0m   [0;1mSELECT * FROM "racers" WHERE ("racers"."name" = 'Green Meanie') LIMIT 1[0m
  [4;35;1mRacer Create (0.0ms)[0m   [0mINSERT INTO "racers" ("name", "gear") VALUES('Green Meanie2', 'first')[0m
  [4;36;1mRacer Load (0.0ms)[0m   [0;1mSELECT * FROM "racers" WHERE ("racers"."name" = 'Green Meanie2') LIMIT 1[0m
  [4;36;1mSQL (0.0ms)[0m   [0;1mselect sqlite_version(*)[0m
  [4;35;1mSQL (0.0ms)[0m   [0m SELECT name
 FROM sqlite_master
 WHERE type = 'table' AND NOT name = 'sqlite_sequence'
[0m
  [4;36;1mSQL (0.0ms)[0m   [0;1mCREATE TABLE "racers" ("id" INTEGER PRIMARY KEY AUTOINCREMENT NOT NULL, "name" varchar(255), "gear" varchar(255)) [0m
  [4;35;1mRacer Create (0.0ms)[0m   [0mINSERT INTO "racers" ("name", "gear") VALUES('Green Meanie', NULL)[0m
  [4;36;1mRacer Load (0.0ms)[0m   [0;1mSELECT * FROM "racers" WHERE ("racers"."name" = 'Green Meanie') LIMIT 1[0m
  [4;35;1mRacer Create (0.0ms)[0m   [0mINSERT INTO "racers" ("name", "gear") VALUES('Green Meanie2', 'first')[0m
  [4;36;1mRacer Load (0.0ms)[0m   [0;1mSELECT * FROM "racers" WHERE ("racers"."name" = 'Green Meanie2') LIMIT 1[0m
